[debug] [2017-11-19T10:01:55.018Z] ----------------------------------------------------------------------
[debug] [2017-11-19T10:01:55.020Z] Command:       /usr/local/Cellar/node/8.3.0/bin/node /usr/local/bin/firebase init functions
[debug] [2017-11-19T10:01:55.020Z] CLI Version:   3.13.1
[debug] [2017-11-19T10:01:55.020Z] Platform:      darwin
[debug] [2017-11-19T10:01:55.020Z] Node Version:  v8.3.0
[debug] [2017-11-19T10:01:55.021Z] Time:          Sun Nov 19 2017 11:01:55 GMT+0100 (CET)
[debug] [2017-11-19T10:01:55.021Z] ----------------------------------------------------------------------
[debug] 
[debug] [2017-11-19T10:01:55.031Z] > command requires scopes: ["email","openid","https://www.googleapis.com/auth/cloudplatformprojects.readonly","https://www.googleapis.com/auth/firebase"]
[debug] [2017-11-19T10:01:55.031Z] > authorizing via signed-in user
[info] 
     🔥🔥🔥🔥🔥🔥🔥🔥 🔥🔥🔥🔥 🔥🔥🔥🔥🔥🔥🔥🔥  🔥🔥🔥🔥🔥🔥🔥🔥 🔥🔥🔥🔥🔥🔥🔥🔥     🔥🔥🔥     🔥🔥🔥🔥🔥🔥  🔥🔥🔥🔥🔥🔥🔥🔥
     🔥🔥        🔥🔥  🔥🔥     🔥🔥 🔥🔥       🔥🔥     🔥🔥  🔥🔥   🔥🔥  🔥🔥       🔥🔥
     🔥🔥🔥🔥🔥🔥    🔥🔥  🔥🔥🔥🔥🔥🔥🔥🔥  🔥🔥🔥🔥🔥🔥   🔥🔥🔥🔥🔥🔥🔥🔥  🔥🔥🔥🔥🔥🔥🔥🔥🔥  🔥🔥🔥🔥🔥🔥  🔥🔥🔥🔥🔥🔥
     🔥🔥        🔥🔥  🔥🔥    🔥🔥  🔥🔥       🔥🔥     🔥🔥 🔥🔥     🔥🔥       🔥🔥 🔥🔥
     🔥🔥       🔥🔥🔥🔥 🔥🔥     🔥🔥 🔥🔥🔥🔥🔥🔥🔥🔥 🔥🔥🔥🔥🔥🔥🔥🔥  🔥🔥     🔥🔥  🔥🔥🔥🔥🔥🔥  🔥🔥🔥🔥🔥🔥🔥🔥

You're about to initialize a Firebase project in this directory:

  /Users/zkobol/Documents/workshop

Before we get started, keep in mind:

  * You are initializing in an existing Firebase project directory

[info] 
=== Project Setup
[info] 
[info] First, let's associate this project directory with a Firebase project.
[info] You can create multiple project aliases by running firebase use --add, 
[info] but for now we'll just set up a default project.
[info] 
[debug] [2017-11-19T10:01:55.037Z] >>> HTTP REQUEST GET https://admin.firebase.com/v1/projects  
 Sun Nov 19 2017 11:01:55 GMT+0100 (CET)
[debug] [2017-11-19T10:01:55.846Z] <<< HTTP RESPONSE 200
[info] i  .firebaserc already has a default project, skipping
[info] 
=== Functions Setup
[info] 
[info] A functions directory will be created in your project with a Node.js
[info] package pre-configured. Functions can be deployed with firebase deploy.
[info] 
[debug] [2017-11-19T10:01:55.849Z] > command requires scopes: ["email","openid","https://www.googleapis.com/auth/cloudplatformprojects.readonly","https://www.googleapis.com/auth/firebase","https://www.googleapis.com/auth/cloud-platform"]
[debug] [2017-11-19T10:01:55.849Z] > authorizing via signed-in user
[debug] [2017-11-19T10:01:55.849Z] > refreshing access token with scopes: ["email","https://www.googleapis.com/auth/cloud-platform","https://www.googleapis.com/auth/cloudplatformprojects.readonly","https://www.googleapis.com/auth/firebase","openid"]
[debug] [2017-11-19T10:01:55.850Z] >>> HTTP REQUEST POST https://www.googleapis.com/oauth2/v3/token { refresh_token: '1/veLuPBdrPXTxP6ZRyTL-W5FkmUgimockLYIQ96hdHsjbifJjTGAy3KPgdRyAibQk',
  client_id: '563584335869-fgrhgmd47bqnekij5i8b5pr03ho849e6.apps.googleusercontent.com',
  client_secret: 'j9iVZfS8kkCEFUPaAeJV0sAi',
  grant_type: 'refresh_token',
  scope: 'email https://www.googleapis.com/auth/cloud-platform https://www.googleapis.com/auth/cloudplatformprojects.readonly https://www.googleapis.com/auth/firebase openid' } 
 Sun Nov 19 2017 11:01:55 GMT+0100 (CET)
[debug] [2017-11-19T10:01:56.517Z] <<< HTTP RESPONSE 200
[debug] [2017-11-19T10:01:56.534Z] >>> HTTP REQUEST GET https://admin.firebase.com/v1/projects/random-cat-facts  
 Sun Nov 19 2017 11:01:56 GMT+0100 (CET)
[debug] [2017-11-19T10:01:57.059Z] <<< HTTP RESPONSE 200
[debug] [2017-11-19T10:01:57.059Z] >>> HTTP REQUEST GET https://admin.firebase.com/v1/database/random-cat-facts/tokens  
 Sun Nov 19 2017 11:01:57 GMT+0100 (CET)
[debug] [2017-11-19T10:01:58.613Z] <<< HTTP RESPONSE 200
[debug] [2017-11-19T10:01:58.614Z] >>> HTTP REQUEST PATCH https://servicemanagement.googleapis.com/v1/services/cloudfunctions.googleapis.com/projectSettings/random-cat-facts?updateMask=usageSettings { usageSettings: { consumerEnableStatus: 'ENABLED' } } 
 Sun Nov 19 2017 11:01:58 GMT+0100 (CET)
[debug] [2017-11-19T10:01:58.615Z] >>> HTTP REQUEST PATCH https://servicemanagement.googleapis.com/v1/services/runtimeconfig.googleapis.com/projectSettings/random-cat-facts?updateMask=usageSettings { usageSettings: { consumerEnableStatus: 'ENABLED' } } 
 Sun Nov 19 2017 11:01:58 GMT+0100 (CET)
[info] ✔  Wrote functions/package.json
[info] ✔  Wrote functions/index.js
[debug] [2017-11-19T10:02:01.159Z] <<< HTTP RESPONSE 200
[debug] [2017-11-19T10:02:01.160Z] <<< HTTP RESPONSE 200
